[1] "comb: 4 null: 1"
[1] "comb: 4 null: 2"
[1] "comb: 4 null: 3"
[1] "comb: 4 null: 4"
[1] "comb: 4 null: 5"
[1] "comb: 4 null: 6"
[1] "comb: 4 null: 7"
[1] "comb: 4 null: 8"
[1] "comb: 4 null: 9"
[1] "comb: 4 null: 10"
[1] "comb: 4 null: 11"
[1] "comb: 4 null: 12"
[1] "comb: 4 null: 13"
[1] "comb: 4 null: 14"
[1] "comb: 4 null: 15"
[1] "comb: 4 null: 16"
[1] "comb: 4 null: 17"
[1] "comb: 4 null: 18"
[1] "comb: 4 null: 19"
[1] "comb: 4 null: 20"
[1] "comb: 4 null: 21"
[1] "comb: 4 null: 22"
[1] "comb: 4 null: 23"
[1] "comb: 4 null: 24"
[1] "comb: 4 null: 25"
[1] "comb: 4 null: 26"
[1] "comb: 4 null: 27"
[1] "comb: 4 null: 28"
[1] "comb: 4 null: 29"
[1] "comb: 4 null: 30"
[1] "comb: 4 null: 31"
[1] "comb: 4 null: 32"
[1] "comb: 4 null: 33"
[1] "comb: 4 null: 34"
[1] "comb: 4 null: 35"
[1] "comb: 4 null: 36"
[1] "comb: 4 null: 37"
[1] "comb: 4 null: 38"
[1] "comb: 4 null: 39"
[1] "comb: 4 null: 40"
[1] "comb: 4 null: 41"
[1] "comb: 4 null: 42"
[1] "comb: 4 null: 43"
[1] "comb: 4 null: 44"
[1] "comb: 4 null: 45"
[1] "comb: 4 null: 46"
[1] "comb: 4 null: 47"
[1] "comb: 4 null: 48"
[1] "comb: 4 null: 49"
[1] "comb: 4 null: 50"
[1] "comb: 4 trait: 1"
[1] "comb: 4 trait: 2"
[1] "comb: 4 trait: 3"
[1] "comb: 4 trait: 4"
[1] "comb: 4 trait: 5"
[1] "comb: 4 trait: 6"
[1] "comb: 4 trait: 7"
[1] "comb: 4 trait: 8"
[1] "comb: 4 trait: 9"
[1] "comb: 4 trait: 10"
[1] "comb: 4 trait: 11"
[1] "comb: 4 trait: 12"
[1] "comb: 4 trait: 13"
[1] "comb: 4 trait: 14"
[1] "comb: 4 trait: 15"
[1] "comb: 4 trait: 16"
[1] "comb: 4 trait: 17"
[1] "comb: 4 trait: 18"
[1] "comb: 4 trait: 19"
[1] "comb: 4 trait: 20"
[1] "comb: 4 trait: 21"
[1] "comb: 4 trait: 22"
[1] "comb: 4 trait: 23"
[1] "comb: 4 trait: 24"
[1] "comb: 4 trait: 25"
[1] "comb: 4 trait: 26"
[1] "comb: 4 trait: 27"
[1] "comb: 4 trait: 28"
[1] "comb: 4 trait: 29"
[1] "comb: 4 trait: 30"
[1] "comb: 4 trait: 31"
[1] "comb: 4 trait: 32"
[1] "comb: 4 trait: 33"
[1] "comb: 4 trait: 34"
[1] "comb: 4 trait: 35"
[1] "comb: 4 trait: 36"
[1] "comb: 4 trait: 37"
[1] "comb: 4 trait: 38"
[1] "comb: 4 trait: 39"
[1] "comb: 4 trait: 40"
[1] "comb: 4 trait: 41"
[1] "comb: 4 trait: 42"
[1] "comb: 4 trait: 43"
[1] "comb: 4 trait: 44"
[1] "comb: 4 trait: 45"
[1] "comb: 4 trait: 46"
[1] "comb: 4 trait: 47"
[1] "comb: 4 trait: 48"
[1] "comb: 4 trait: 49"
[1] "comb: 4 trait: 50"
[1] "Saving simList"
[1] "Saving sims"
[1] "Saving trait funcs"
[1] "Saving trait lists"
[1] "And for SA"
[1] "Saving trait lists"
[1] "And for SA"
[1] "Saving fossils"
[1] "Saving trees"
[1] "And sa trees"
[1] "And fbd trees"
[[1]]
NULL

[[2]]
NULL

[[3]]
NULL

[[4]]
NULL

[[5]]
NULL

[[6]]
NULL

[[7]]
NULL

[[8]]
NULL

[[9]]
NULL

[[10]]
NULL

[[11]]
NULL

[[12]]
NULL

[[13]]
NULL

[[14]]
NULL

[[15]]
NULL

[[16]]
NULL

[[17]]
NULL

[[18]]
NULL

[[19]]
NULL

[[20]]
NULL

[[21]]
NULL

[[22]]
NULL

[[23]]
NULL

[[24]]
NULL

[[25]]
NULL

[[26]]
NULL

[[27]]
NULL

[[28]]
NULL

[[29]]
NULL

[[30]]
NULL

[[31]]
NULL

[[32]]
NULL

[[33]]
NULL

[[34]]
NULL

[[35]]
NULL

[[36]]
NULL

[[37]]
NULL

[[38]]
NULL

[[39]]
NULL

[[40]]
NULL

[[41]]
NULL

[[42]]
NULL

[[43]]
NULL

[[44]]
NULL

[[45]]
NULL

[[46]]
NULL

[[47]]
NULL

[[48]]
NULL

[[49]]
NULL

[[50]]
NULL

